<?xml version="1.0" encoding="UTF-8"?>
<testsuite xmlns:xsi="http://www.w3.org/2001/XMLSchema-instance" xsi:noNamespaceSchemaLocation="https://maven.apache.org/surefire/maven-surefire-plugin/xsd/surefire-test-report.xsd" name="com.learn.AppTest" time="0.032" tests="1" errors="0" skipped="0" failures="0">
  <properties>
    <property name="gopherProxySet" value="false"/>
    <property name="awt.toolkit" value="sun.lwawt.macosx.LWCToolkit"/>
    <property name="file.encoding.pkg" value="sun.io"/>
    <property name="java.specification.version" value="1.8"/>
    <property name="sun.cpu.isalist" value=""/>
    <property name="sun.jnu.encoding" value="UTF-8"/>
    <property name="java.class.path" value="/Users/shenjin/learn_project/spring-cloud01/eureka-server/target/test-classes:/Users/shenjin/learn_project/spring-cloud01/eureka-server/target/classes:/Users/shenjin/Repository/org/springframework/cloud/spring-cloud-starter-netflix-eureka-server/2.1.2.RELEASE/spring-cloud-starter-netflix-eureka-server-2.1.2.RELEASE.jar:/Users/shenjin/Repository/org/springframework/cloud/spring-cloud-starter/2.1.2.RELEASE/spring-cloud-starter-2.1.2.RELEASE.jar:/Users/shenjin/Repository/org/springframework/cloud/spring-cloud-context/2.1.2.RELEASE/spring-cloud-context-2.1.2.RELEASE.jar:/Users/shenjin/Repository/org/springframework/security/spring-security-crypto/5.1.4.RELEASE/spring-security-crypto-5.1.4.RELEASE.jar:/Users/shenjin/Repository/org/springframework/cloud/spring-cloud-commons/2.1.2.RELEASE/spring-cloud-commons-2.1.2.RELEASE.jar:/Users/shenjin/Repository/org/springframework/security/spring-security-rsa/1.0.7.RELEASE/spring-security-rsa-1.0.7.RELEASE.jar:/Users/shenjin/Repository/org/bouncycastle/bcpkix-jdk15on/1.60/bcpkix-jdk15on-1.60.jar:/Users/shenjin/Repository/org/bouncycastle/bcprov-jdk15on/1.60/bcprov-jdk15on-1.60.jar:/Users/shenjin/Repository/org/springframework/cloud/spring-cloud-netflix-eureka-server/2.1.2.RELEASE/spring-cloud-netflix-eureka-server-2.1.2.RELEASE.jar:/Users/shenjin/Repository/org/springframework/boot/spring-boot-starter-web/2.1.3.RELEASE/spring-boot-starter-web-2.1.3.RELEASE.jar:/Users/shenjin/Repository/org/springframework/boot/spring-boot-starter-json/2.1.3.RELEASE/spring-boot-starter-json-2.1.3.RELEASE.jar:/Users/shenjin/Repository/com/fasterxml/jackson/datatype/jackson-datatype-jdk8/2.9.8/jackson-datatype-jdk8-2.9.8.jar:/Users/shenjin/Repository/com/fasterxml/jackson/datatype/jackson-datatype-jsr310/2.9.8/jackson-datatype-jsr310-2.9.8.jar:/Users/shenjin/Repository/com/fasterxml/jackson/module/jackson-module-parameter-names/2.9.8/jackson-module-parameter-names-2.9.8.jar:/Users/shenjin/Repository/org/springframework/boot/spring-boot-starter-tomcat/2.1.3.RELEASE/spring-boot-starter-tomcat-2.1.3.RELEASE.jar:/Users/shenjin/Repository/org/apache/tomcat/embed/tomcat-embed-core/9.0.16/tomcat-embed-core-9.0.16.jar:/Users/shenjin/Repository/org/apache/tomcat/embed/tomcat-embed-el/9.0.16/tomcat-embed-el-9.0.16.jar:/Users/shenjin/Repository/org/apache/tomcat/embed/tomcat-embed-websocket/9.0.16/tomcat-embed-websocket-9.0.16.jar:/Users/shenjin/Repository/org/hibernate/validator/hibernate-validator/6.0.14.Final/hibernate-validator-6.0.14.Final.jar:/Users/shenjin/Repository/javax/validation/validation-api/2.0.1.Final/validation-api-2.0.1.Final.jar:/Users/shenjin/Repository/org/jboss/logging/jboss-logging/3.3.2.Final/jboss-logging-3.3.2.Final.jar:/Users/shenjin/Repository/com/fasterxml/classmate/1.4.0/classmate-1.4.0.jar:/Users/shenjin/Repository/org/springframework/spring-web/5.1.5.RELEASE/spring-web-5.1.5.RELEASE.jar:/Users/shenjin/Repository/org/springframework/spring-beans/5.1.5.RELEASE/spring-beans-5.1.5.RELEASE.jar:/Users/shenjin/Repository/org/springframework/spring-webmvc/5.1.5.RELEASE/spring-webmvc-5.1.5.RELEASE.jar:/Users/shenjin/Repository/org/springframework/spring-aop/5.1.5.RELEASE/spring-aop-5.1.5.RELEASE.jar:/Users/shenjin/Repository/org/springframework/spring-expression/5.1.5.RELEASE/spring-expression-5.1.5.RELEASE.jar:/Users/shenjin/Repository/org/springframework/boot/spring-boot-starter-actuator/2.1.3.RELEASE/spring-boot-starter-actuator-2.1.3.RELEASE.jar:/Users/shenjin/Repository/org/springframework/boot/spring-boot-actuator-autoconfigure/2.1.3.RELEASE/spring-boot-actuator-autoconfigure-2.1.3.RELEASE.jar:/Users/shenjin/Repository/org/springframework/boot/spring-boot-actuator/2.1.3.RELEASE/spring-boot-actuator-2.1.3.RELEASE.jar:/Users/shenjin/Repository/io/micrometer/micrometer-core/1.1.3/micrometer-core-1.1.3.jar:/Users/shenjin/Repository/org/hdrhistogram/HdrHistogram/2.1.9/HdrHistogram-2.1.9.jar:/Users/shenjin/Repository/org/latencyutils/LatencyUtils/2.0.3/LatencyUtils-2.0.3.jar:/Users/shenjin/Repository/org/springframework/boot/spring-boot-starter-freemarker/2.1.3.RELEASE/spring-boot-starter-freemarker-2.1.3.RELEASE.jar:/Users/shenjin/Repository/org/freemarker/freemarker/2.3.28/freemarker-2.3.28.jar:/Users/shenjin/Repository/org/springframework/spring-context-support/5.1.5.RELEASE/spring-context-support-5.1.5.RELEASE.jar:/Users/shenjin/Repository/org/springframework/cloud/spring-cloud-netflix-hystrix/2.1.2.RELEASE/spring-cloud-netflix-hystrix-2.1.2.RELEASE.jar:/Users/shenjin/Repository/org/springframework/boot/spring-boot-starter-aop/2.1.3.RELEASE/spring-boot-starter-aop-2.1.3.RELEASE.jar:/Users/shenjin/Repository/org/aspectj/aspectjweaver/1.9.2/aspectjweaver-1.9.2.jar:/Users/shenjin/Repository/org/springframework/cloud/spring-cloud-netflix-eureka-client/2.1.2.RELEASE/spring-cloud-netflix-eureka-client-2.1.2.RELEASE.jar:/Users/shenjin/Repository/com/netflix/eureka/eureka-client/1.9.12/eureka-client-1.9.12.jar:/Users/shenjin/Repository/org/codehaus/jettison/jettison/1.3.7/jettison-1.3.7.jar:/Users/shenjin/Repository/stax/stax-api/1.0.1/stax-api-1.0.1.jar:/Users/shenjin/Repository/com/netflix/netflix-commons/netflix-eventbus/0.3.0/netflix-eventbus-0.3.0.jar:/Users/shenjin/Repository/com/netflix/netflix-commons/netflix-infix/0.3.0/netflix-infix-0.3.0.jar:/Users/shenjin/Repository/commons-jxpath/commons-jxpath/1.3/commons-jxpath-1.3.jar:/Users/shenjin/Repository/joda-time/joda-time/2.10.1/joda-time-2.10.1.jar:/Users/shenjin/Repository/org/antlr/antlr-runtime/3.4/antlr-runtime-3.4.jar:/Users/shenjin/Repository/org/antlr/stringtemplate/3.2.1/stringtemplate-3.2.1.jar:/Users/shenjin/Repository/antlr/antlr/2.7.7/antlr-2.7.7.jar:/Users/shenjin/Repository/com/google/code/gson/gson/2.8.5/gson-2.8.5.jar:/Users/shenjin/Repository/org/apache/commons/commons-math/2.2/commons-math-2.2.jar:/Users/shenjin/Repository/javax/ws/rs/jsr311-api/1.1.1/jsr311-api-1.1.1.jar:/Users/shenjin/Repository/com/netflix/servo/servo-core/0.12.21/servo-core-0.12.21.jar:/Users/shenjin/Repository/com/sun/jersey/jersey-core/1.19.1/jersey-core-1.19.1.jar:/Users/shenjin/Repository/com/sun/jersey/jersey-client/1.19.1/jersey-client-1.19.1.jar:/Users/shenjin/Repository/com/sun/jersey/contribs/jersey-apache-client4/1.19.1/jersey-apache-client4-1.19.1.jar:/Users/shenjin/Repository/org/apache/httpcomponents/httpclient/4.5.7/httpclient-4.5.7.jar:/Users/shenjin/Repository/org/apache/httpcomponents/httpcore/4.4.11/httpcore-4.4.11.jar:/Users/shenjin/Repository/commons-codec/commons-codec/1.11/commons-codec-1.11.jar:/Users/shenjin/Repository/com/google/inject/guice/4.1.0/guice-4.1.0.jar:/Users/shenjin/Repository/aopalliance/aopalliance/1.0/aopalliance-1.0.jar:/Users/shenjin/Repository/com/github/vlsi/compactmap/compactmap/1.2.1/compactmap-1.2.1.jar:/Users/shenjin/Repository/com/github/andrewoma/dexx/dexx-collections/0.2/dexx-collections-0.2.jar:/Users/shenjin/Repository/com/fasterxml/jackson/core/jackson-annotations/2.9.0/jackson-annotations-2.9.0.jar:/Users/shenjin/Repository/com/fasterxml/jackson/core/jackson-core/2.9.8/jackson-core-2.9.8.jar:/Users/shenjin/Repository/com/fasterxml/jackson/core/jackson-databind/2.9.8/jackson-databind-2.9.8.jar:/Users/shenjin/Repository/com/sun/jersey/jersey-servlet/1.19.1/jersey-servlet-1.19.1.jar:/Users/shenjin/Repository/com/sun/jersey/jersey-server/1.19.1/jersey-server-1.19.1.jar:/Users/shenjin/Repository/com/netflix/eureka/eureka-core/1.9.12/eureka-core-1.9.12.jar:/Users/shenjin/Repository/com/fasterxml/woodstox/woodstox-core/5.2.1/woodstox-core-5.2.1.jar:/Users/shenjin/Repository/com/netflix/archaius/archaius-core/0.7.6/archaius-core-0.7.6.jar:/Users/shenjin/Repository/com/google/code/findbugs/jsr305/3.0.1/jsr305-3.0.1.jar:/Users/shenjin/Repository/com/google/guava/guava/16.0/guava-16.0.jar:/Users/shenjin/Repository/javax/inject/javax.inject/1/javax.inject-1.jar:/Users/shenjin/Repository/com/fasterxml/jackson/dataformat/jackson-dataformat-xml/2.9.8/jackson-dataformat-xml-2.9.8.jar:/Users/shenjin/Repository/com/fasterxml/jackson/module/jackson-module-jaxb-annotations/2.9.8/jackson-module-jaxb-annotations-2.9.8.jar:/Users/shenjin/Repository/org/codehaus/woodstox/stax2-api/3.1.4/stax2-api-3.1.4.jar:/Users/shenjin/Repository/com/thoughtworks/xstream/xstream/1.4.10/xstream-1.4.10.jar:/Users/shenjin/Repository/xmlpull/xmlpull/1.1.3.1/xmlpull-1.1.3.1.jar:/Users/shenjin/Repository/xpp3/xpp3_min/1.1.4c/xpp3_min-1.1.4c.jar:/Users/shenjin/Repository/org/springframework/cloud/spring-cloud-starter-netflix-archaius/2.1.2.RELEASE/spring-cloud-starter-netflix-archaius-2.1.2.RELEASE.jar:/Users/shenjin/Repository/org/springframework/cloud/spring-cloud-netflix-ribbon/2.1.2.RELEASE/spring-cloud-netflix-ribbon-2.1.2.RELEASE.jar:/Users/shenjin/Repository/org/springframework/cloud/spring-cloud-netflix-archaius/2.1.2.RELEASE/spring-cloud-netflix-archaius-2.1.2.RELEASE.jar:/Users/shenjin/Repository/commons-configuration/commons-configuration/1.8/commons-configuration-1.8.jar:/Users/shenjin/Repository/commons-lang/commons-lang/2.6/commons-lang-2.6.jar:/Users/shenjin/Repository/org/springframework/cloud/spring-cloud-starter-netflix-ribbon/2.1.2.RELEASE/spring-cloud-starter-netflix-ribbon-2.1.2.RELEASE.jar:/Users/shenjin/Repository/com/netflix/ribbon/ribbon/2.3.0/ribbon-2.3.0.jar:/Users/shenjin/Repository/com/netflix/ribbon/ribbon-transport/2.3.0/ribbon-transport-2.3.0.jar:/Users/shenjin/Repository/io/reactivex/rxnetty-contexts/0.4.9/rxnetty-contexts-0.4.9.jar:/Users/shenjin/Repository/io/reactivex/rxnetty-servo/0.4.9/rxnetty-servo-0.4.9.jar:/Users/shenjin/Repository/com/netflix/hystrix/hystrix-core/1.5.18/hystrix-core-1.5.18.jar:/Users/shenjin/Repository/io/reactivex/rxnetty/0.4.9/rxnetty-0.4.9.jar:/Users/shenjin/Repository/com/netflix/ribbon/ribbon-core/2.3.0/ribbon-core-2.3.0.jar:/Users/shenjin/Repository/com/netflix/ribbon/ribbon-httpclient/2.3.0/ribbon-httpclient-2.3.0.jar:/Users/shenjin/Repository/commons-collections/commons-collections/3.2.2/commons-collections-3.2.2.jar:/Users/shenjin/Repository/com/netflix/netflix-commons/netflix-commons-util/0.3.0/netflix-commons-util-0.3.0.jar:/Users/shenjin/Repository/com/netflix/ribbon/ribbon-loadbalancer/2.3.0/ribbon-loadbalancer-2.3.0.jar:/Users/shenjin/Repository/com/netflix/netflix-commons/netflix-statistics/0.1.1/netflix-statistics-0.1.1.jar:/Users/shenjin/Repository/io/reactivex/rxjava/1.3.8/rxjava-1.3.8.jar:/Users/shenjin/Repository/com/netflix/ribbon/ribbon-eureka/2.3.0/ribbon-eureka-2.3.0.jar:/Users/shenjin/Repository/org/slf4j/slf4j-api/1.7.25/slf4j-api-1.7.25.jar:/Users/shenjin/Repository/org/springframework/boot/spring-boot-starter-test/2.1.3.RELEASE/spring-boot-starter-test-2.1.3.RELEASE.jar:/Users/shenjin/Repository/org/springframework/boot/spring-boot-starter/2.1.3.RELEASE/spring-boot-starter-2.1.3.RELEASE.jar:/Users/shenjin/Repository/org/springframework/boot/spring-boot/2.1.3.RELEASE/spring-boot-2.1.3.RELEASE.jar:/Users/shenjin/Repository/org/springframework/spring-context/5.1.5.RELEASE/spring-context-5.1.5.RELEASE.jar:/Users/shenjin/Repository/org/springframework/boot/spring-boot-autoconfigure/2.1.3.RELEASE/spring-boot-autoconfigure-2.1.3.RELEASE.jar:/Users/shenjin/Repository/org/springframework/boot/spring-boot-starter-logging/2.1.3.RELEASE/spring-boot-starter-logging-2.1.3.RELEASE.jar:/Users/shenjin/Repository/ch/qos/logback/logback-classic/1.2.3/logback-classic-1.2.3.jar:/Users/shenjin/Repository/ch/qos/logback/logback-core/1.2.3/logback-core-1.2.3.jar:/Users/shenjin/Repository/org/apache/logging/log4j/log4j-to-slf4j/2.11.2/log4j-to-slf4j-2.11.2.jar:/Users/shenjin/Repository/org/apache/logging/log4j/log4j-api/2.11.2/log4j-api-2.11.2.jar:/Users/shenjin/Repository/org/slf4j/jul-to-slf4j/1.7.25/jul-to-slf4j-1.7.25.jar:/Users/shenjin/Repository/javax/annotation/javax.annotation-api/1.3.2/javax.annotation-api-1.3.2.jar:/Users/shenjin/Repository/org/yaml/snakeyaml/1.23/snakeyaml-1.23.jar:/Users/shenjin/Repository/org/springframework/boot/spring-boot-test/2.1.3.RELEASE/spring-boot-test-2.1.3.RELEASE.jar:/Users/shenjin/Repository/org/springframework/boot/spring-boot-test-autoconfigure/2.1.3.RELEASE/spring-boot-test-autoconfigure-2.1.3.RELEASE.jar:/Users/shenjin/Repository/com/jayway/jsonpath/json-path/2.4.0/json-path-2.4.0.jar:/Users/shenjin/Repository/net/minidev/json-smart/2.3/json-smart-2.3.jar:/Users/shenjin/Repository/net/minidev/accessors-smart/1.2/accessors-smart-1.2.jar:/Users/shenjin/Repository/org/ow2/asm/asm/5.0.4/asm-5.0.4.jar:/Users/shenjin/Repository/org/assertj/assertj-core/3.11.1/assertj-core-3.11.1.jar:/Users/shenjin/Repository/org/mockito/mockito-core/2.23.4/mockito-core-2.23.4.jar:/Users/shenjin/Repository/net/bytebuddy/byte-buddy/1.9.10/byte-buddy-1.9.10.jar:/Users/shenjin/Repository/net/bytebuddy/byte-buddy-agent/1.9.10/byte-buddy-agent-1.9.10.jar:/Users/shenjin/Repository/org/objenesis/objenesis/2.6/objenesis-2.6.jar:/Users/shenjin/Repository/org/hamcrest/hamcrest-core/1.3/hamcrest-core-1.3.jar:/Users/shenjin/Repository/org/hamcrest/hamcrest-library/1.3/hamcrest-library-1.3.jar:/Users/shenjin/Repository/org/skyscreamer/jsonassert/1.5.0/jsonassert-1.5.0.jar:/Users/shenjin/Repository/com/vaadin/external/google/android-json/0.0.20131108.vaadin1/android-json-0.0.20131108.vaadin1.jar:/Users/shenjin/Repository/org/springframework/spring-core/5.1.5.RELEASE/spring-core-5.1.5.RELEASE.jar:/Users/shenjin/Repository/org/springframework/spring-jcl/5.1.5.RELEASE/spring-jcl-5.1.5.RELEASE.jar:/Users/shenjin/Repository/org/springframework/spring-test/5.1.5.RELEASE/spring-test-5.1.5.RELEASE.jar:/Users/shenjin/Repository/org/xmlunit/xmlunit-core/2.6.2/xmlunit-core-2.6.2.jar:/Users/shenjin/Repository/junit/junit/4.11/junit-4.11.jar:"/>
    <property name="java.vm.vendor" value="Oracle Corporation"/>
    <property name="sun.arch.data.model" value="64"/>
    <property name="java.vendor.url" value="http://java.oracle.com/"/>
    <property name="user.timezone" value=""/>
    <property name="java.vm.specification.version" value="1.8"/>
    <property name="os.name" value="Mac OS X"/>
    <property name="user.country" value="CN"/>
    <property name="sun.java.launcher" value="SUN_STANDARD"/>
    <property name="sun.boot.library.path" value="/Library/Java/JavaVirtualMachines/jdk1.8.0_172.jdk/Contents/Home/jre/lib"/>
    <property name="sun.java.command" value="/Users/shenjin/learn_project/spring-cloud01/eureka-server/target/surefire/surefirebooter3791365022938893700.jar /Users/shenjin/learn_project/spring-cloud01/eureka-server/target/surefire 2019-07-30T10-41-32_153-jvmRun1 surefire2646584123116597633tmp surefire_0422872171026165596tmp"/>
    <property name="http.nonProxyHosts" value="local|*.local|169.254/16|*.169.254/16"/>
    <property name="surefire.test.class.path" value="/Users/shenjin/learn_project/spring-cloud01/eureka-server/target/test-classes:/Users/shenjin/learn_project/spring-cloud01/eureka-server/target/classes:/Users/shenjin/Repository/org/springframework/cloud/spring-cloud-starter-netflix-eureka-server/2.1.2.RELEASE/spring-cloud-starter-netflix-eureka-server-2.1.2.RELEASE.jar:/Users/shenjin/Repository/org/springframework/cloud/spring-cloud-starter/2.1.2.RELEASE/spring-cloud-starter-2.1.2.RELEASE.jar:/Users/shenjin/Repository/org/springframework/cloud/spring-cloud-context/2.1.2.RELEASE/spring-cloud-context-2.1.2.RELEASE.jar:/Users/shenjin/Repository/org/springframework/security/spring-security-crypto/5.1.4.RELEASE/spring-security-crypto-5.1.4.RELEASE.jar:/Users/shenjin/Repository/org/springframework/cloud/spring-cloud-commons/2.1.2.RELEASE/spring-cloud-commons-2.1.2.RELEASE.jar:/Users/shenjin/Repository/org/springframework/security/spring-security-rsa/1.0.7.RELEASE/spring-security-rsa-1.0.7.RELEASE.jar:/Users/shenjin/Repository/org/bouncycastle/bcpkix-jdk15on/1.60/bcpkix-jdk15on-1.60.jar:/Users/shenjin/Repository/org/bouncycastle/bcprov-jdk15on/1.60/bcprov-jdk15on-1.60.jar:/Users/shenjin/Repository/org/springframework/cloud/spring-cloud-netflix-eureka-server/2.1.2.RELEASE/spring-cloud-netflix-eureka-server-2.1.2.RELEASE.jar:/Users/shenjin/Repository/org/springframework/boot/spring-boot-starter-web/2.1.3.RELEASE/spring-boot-starter-web-2.1.3.RELEASE.jar:/Users/shenjin/Repository/org/springframework/boot/spring-boot-starter-json/2.1.3.RELEASE/spring-boot-starter-json-2.1.3.RELEASE.jar:/Users/shenjin/Repository/com/fasterxml/jackson/datatype/jackson-datatype-jdk8/2.9.8/jackson-datatype-jdk8-2.9.8.jar:/Users/shenjin/Repository/com/fasterxml/jackson/datatype/jackson-datatype-jsr310/2.9.8/jackson-datatype-jsr310-2.9.8.jar:/Users/shenjin/Repository/com/fasterxml/jackson/module/jackson-module-parameter-names/2.9.8/jackson-module-parameter-names-2.9.8.jar:/Users/shenjin/Repository/org/springframework/boot/spring-boot-starter-tomcat/2.1.3.RELEASE/spring-boot-starter-tomcat-2.1.3.RELEASE.jar:/Users/shenjin/Repository/org/apache/tomcat/embed/tomcat-embed-core/9.0.16/tomcat-embed-core-9.0.16.jar:/Users/shenjin/Repository/org/apache/tomcat/embed/tomcat-embed-el/9.0.16/tomcat-embed-el-9.0.16.jar:/Users/shenjin/Repository/org/apache/tomcat/embed/tomcat-embed-websocket/9.0.16/tomcat-embed-websocket-9.0.16.jar:/Users/shenjin/Repository/org/hibernate/validator/hibernate-validator/6.0.14.Final/hibernate-validator-6.0.14.Final.jar:/Users/shenjin/Repository/javax/validation/validation-api/2.0.1.Final/validation-api-2.0.1.Final.jar:/Users/shenjin/Repository/org/jboss/logging/jboss-logging/3.3.2.Final/jboss-logging-3.3.2.Final.jar:/Users/shenjin/Repository/com/fasterxml/classmate/1.4.0/classmate-1.4.0.jar:/Users/shenjin/Repository/org/springframework/spring-web/5.1.5.RELEASE/spring-web-5.1.5.RELEASE.jar:/Users/shenjin/Repository/org/springframework/spring-beans/5.1.5.RELEASE/spring-beans-5.1.5.RELEASE.jar:/Users/shenjin/Repository/org/springframework/spring-webmvc/5.1.5.RELEASE/spring-webmvc-5.1.5.RELEASE.jar:/Users/shenjin/Repository/org/springframework/spring-aop/5.1.5.RELEASE/spring-aop-5.1.5.RELEASE.jar:/Users/shenjin/Repository/org/springframework/spring-expression/5.1.5.RELEASE/spring-expression-5.1.5.RELEASE.jar:/Users/shenjin/Repository/org/springframework/boot/spring-boot-starter-actuator/2.1.3.RELEASE/spring-boot-starter-actuator-2.1.3.RELEASE.jar:/Users/shenjin/Repository/org/springframework/boot/spring-boot-actuator-autoconfigure/2.1.3.RELEASE/spring-boot-actuator-autoconfigure-2.1.3.RELEASE.jar:/Users/shenjin/Repository/org/springframework/boot/spring-boot-actuator/2.1.3.RELEASE/spring-boot-actuator-2.1.3.RELEASE.jar:/Users/shenjin/Repository/io/micrometer/micrometer-core/1.1.3/micrometer-core-1.1.3.jar:/Users/shenjin/Repository/org/hdrhistogram/HdrHistogram/2.1.9/HdrHistogram-2.1.9.jar:/Users/shenjin/Repository/org/latencyutils/LatencyUtils/2.0.3/LatencyUtils-2.0.3.jar:/Users/shenjin/Repository/org/springframework/boot/spring-boot-starter-freemarker/2.1.3.RELEASE/spring-boot-starter-freemarker-2.1.3.RELEASE.jar:/Users/shenjin/Repository/org/freemarker/freemarker/2.3.28/freemarker-2.3.28.jar:/Users/shenjin/Repository/org/springframework/spring-context-support/5.1.5.RELEASE/spring-context-support-5.1.5.RELEASE.jar:/Users/shenjin/Repository/org/springframework/cloud/spring-cloud-netflix-hystrix/2.1.2.RELEASE/spring-cloud-netflix-hystrix-2.1.2.RELEASE.jar:/Users/shenjin/Repository/org/springframework/boot/spring-boot-starter-aop/2.1.3.RELEASE/spring-boot-starter-aop-2.1.3.RELEASE.jar:/Users/shenjin/Repository/org/aspectj/aspectjweaver/1.9.2/aspectjweaver-1.9.2.jar:/Users/shenjin/Repository/org/springframework/cloud/spring-cloud-netflix-eureka-client/2.1.2.RELEASE/spring-cloud-netflix-eureka-client-2.1.2.RELEASE.jar:/Users/shenjin/Repository/com/netflix/eureka/eureka-client/1.9.12/eureka-client-1.9.12.jar:/Users/shenjin/Repository/org/codehaus/jettison/jettison/1.3.7/jettison-1.3.7.jar:/Users/shenjin/Repository/stax/stax-api/1.0.1/stax-api-1.0.1.jar:/Users/shenjin/Repository/com/netflix/netflix-commons/netflix-eventbus/0.3.0/netflix-eventbus-0.3.0.jar:/Users/shenjin/Repository/com/netflix/netflix-commons/netflix-infix/0.3.0/netflix-infix-0.3.0.jar:/Users/shenjin/Repository/commons-jxpath/commons-jxpath/1.3/commons-jxpath-1.3.jar:/Users/shenjin/Repository/joda-time/joda-time/2.10.1/joda-time-2.10.1.jar:/Users/shenjin/Repository/org/antlr/antlr-runtime/3.4/antlr-runtime-3.4.jar:/Users/shenjin/Repository/org/antlr/stringtemplate/3.2.1/stringtemplate-3.2.1.jar:/Users/shenjin/Repository/antlr/antlr/2.7.7/antlr-2.7.7.jar:/Users/shenjin/Repository/com/google/code/gson/gson/2.8.5/gson-2.8.5.jar:/Users/shenjin/Repository/org/apache/commons/commons-math/2.2/commons-math-2.2.jar:/Users/shenjin/Repository/javax/ws/rs/jsr311-api/1.1.1/jsr311-api-1.1.1.jar:/Users/shenjin/Repository/com/netflix/servo/servo-core/0.12.21/servo-core-0.12.21.jar:/Users/shenjin/Repository/com/sun/jersey/jersey-core/1.19.1/jersey-core-1.19.1.jar:/Users/shenjin/Repository/com/sun/jersey/jersey-client/1.19.1/jersey-client-1.19.1.jar:/Users/shenjin/Repository/com/sun/jersey/contribs/jersey-apache-client4/1.19.1/jersey-apache-client4-1.19.1.jar:/Users/shenjin/Repository/org/apache/httpcomponents/httpclient/4.5.7/httpclient-4.5.7.jar:/Users/shenjin/Repository/org/apache/httpcomponents/httpcore/4.4.11/httpcore-4.4.11.jar:/Users/shenjin/Repository/commons-codec/commons-codec/1.11/commons-codec-1.11.jar:/Users/shenjin/Repository/com/google/inject/guice/4.1.0/guice-4.1.0.jar:/Users/shenjin/Repository/aopalliance/aopalliance/1.0/aopalliance-1.0.jar:/Users/shenjin/Repository/com/github/vlsi/compactmap/compactmap/1.2.1/compactmap-1.2.1.jar:/Users/shenjin/Repository/com/github/andrewoma/dexx/dexx-collections/0.2/dexx-collections-0.2.jar:/Users/shenjin/Repository/com/fasterxml/jackson/core/jackson-annotations/2.9.0/jackson-annotations-2.9.0.jar:/Users/shenjin/Repository/com/fasterxml/jackson/core/jackson-core/2.9.8/jackson-core-2.9.8.jar:/Users/shenjin/Repository/com/fasterxml/jackson/core/jackson-databind/2.9.8/jackson-databind-2.9.8.jar:/Users/shenjin/Repository/com/sun/jersey/jersey-servlet/1.19.1/jersey-servlet-1.19.1.jar:/Users/shenjin/Repository/com/sun/jersey/jersey-server/1.19.1/jersey-server-1.19.1.jar:/Users/shenjin/Repository/com/netflix/eureka/eureka-core/1.9.12/eureka-core-1.9.12.jar:/Users/shenjin/Repository/com/fasterxml/woodstox/woodstox-core/5.2.1/woodstox-core-5.2.1.jar:/Users/shenjin/Repository/com/netflix/archaius/archaius-core/0.7.6/archaius-core-0.7.6.jar:/Users/shenjin/Repository/com/google/code/findbugs/jsr305/3.0.1/jsr305-3.0.1.jar:/Users/shenjin/Repository/com/google/guava/guava/16.0/guava-16.0.jar:/Users/shenjin/Repository/javax/inject/javax.inject/1/javax.inject-1.jar:/Users/shenjin/Repository/com/fasterxml/jackson/dataformat/jackson-dataformat-xml/2.9.8/jackson-dataformat-xml-2.9.8.jar:/Users/shenjin/Repository/com/fasterxml/jackson/module/jackson-module-jaxb-annotations/2.9.8/jackson-module-jaxb-annotations-2.9.8.jar:/Users/shenjin/Repository/org/codehaus/woodstox/stax2-api/3.1.4/stax2-api-3.1.4.jar:/Users/shenjin/Repository/com/thoughtworks/xstream/xstream/1.4.10/xstream-1.4.10.jar:/Users/shenjin/Repository/xmlpull/xmlpull/1.1.3.1/xmlpull-1.1.3.1.jar:/Users/shenjin/Repository/xpp3/xpp3_min/1.1.4c/xpp3_min-1.1.4c.jar:/Users/shenjin/Repository/org/springframework/cloud/spring-cloud-starter-netflix-archaius/2.1.2.RELEASE/spring-cloud-starter-netflix-archaius-2.1.2.RELEASE.jar:/Users/shenjin/Repository/org/springframework/cloud/spring-cloud-netflix-ribbon/2.1.2.RELEASE/spring-cloud-netflix-ribbon-2.1.2.RELEASE.jar:/Users/shenjin/Repository/org/springframework/cloud/spring-cloud-netflix-archaius/2.1.2.RELEASE/spring-cloud-netflix-archaius-2.1.2.RELEASE.jar:/Users/shenjin/Repository/commons-configuration/commons-configuration/1.8/commons-configuration-1.8.jar:/Users/shenjin/Repository/commons-lang/commons-lang/2.6/commons-lang-2.6.jar:/Users/shenjin/Repository/org/springframework/cloud/spring-cloud-starter-netflix-ribbon/2.1.2.RELEASE/spring-cloud-starter-netflix-ribbon-2.1.2.RELEASE.jar:/Users/shenjin/Repository/com/netflix/ribbon/ribbon/2.3.0/ribbon-2.3.0.jar:/Users/shenjin/Repository/com/netflix/ribbon/ribbon-transport/2.3.0/ribbon-transport-2.3.0.jar:/Users/shenjin/Repository/io/reactivex/rxnetty-contexts/0.4.9/rxnetty-contexts-0.4.9.jar:/Users/shenjin/Repository/io/reactivex/rxnetty-servo/0.4.9/rxnetty-servo-0.4.9.jar:/Users/shenjin/Repository/com/netflix/hystrix/hystrix-core/1.5.18/hystrix-core-1.5.18.jar:/Users/shenjin/Repository/io/reactivex/rxnetty/0.4.9/rxnetty-0.4.9.jar:/Users/shenjin/Repository/com/netflix/ribbon/ribbon-core/2.3.0/ribbon-core-2.3.0.jar:/Users/shenjin/Repository/com/netflix/ribbon/ribbon-httpclient/2.3.0/ribbon-httpclient-2.3.0.jar:/Users/shenjin/Repository/commons-collections/commons-collections/3.2.2/commons-collections-3.2.2.jar:/Users/shenjin/Repository/com/netflix/netflix-commons/netflix-commons-util/0.3.0/netflix-commons-util-0.3.0.jar:/Users/shenjin/Repository/com/netflix/ribbon/ribbon-loadbalancer/2.3.0/ribbon-loadbalancer-2.3.0.jar:/Users/shenjin/Repository/com/netflix/netflix-commons/netflix-statistics/0.1.1/netflix-statistics-0.1.1.jar:/Users/shenjin/Repository/io/reactivex/rxjava/1.3.8/rxjava-1.3.8.jar:/Users/shenjin/Repository/com/netflix/ribbon/ribbon-eureka/2.3.0/ribbon-eureka-2.3.0.jar:/Users/shenjin/Repository/org/slf4j/slf4j-api/1.7.25/slf4j-api-1.7.25.jar:/Users/shenjin/Repository/org/springframework/boot/spring-boot-starter-test/2.1.3.RELEASE/spring-boot-starter-test-2.1.3.RELEASE.jar:/Users/shenjin/Repository/org/springframework/boot/spring-boot-starter/2.1.3.RELEASE/spring-boot-starter-2.1.3.RELEASE.jar:/Users/shenjin/Repository/org/springframework/boot/spring-boot/2.1.3.RELEASE/spring-boot-2.1.3.RELEASE.jar:/Users/shenjin/Repository/org/springframework/spring-context/5.1.5.RELEASE/spring-context-5.1.5.RELEASE.jar:/Users/shenjin/Repository/org/springframework/boot/spring-boot-autoconfigure/2.1.3.RELEASE/spring-boot-autoconfigure-2.1.3.RELEASE.jar:/Users/shenjin/Repository/org/springframework/boot/spring-boot-starter-logging/2.1.3.RELEASE/spring-boot-starter-logging-2.1.3.RELEASE.jar:/Users/shenjin/Repository/ch/qos/logback/logback-classic/1.2.3/logback-classic-1.2.3.jar:/Users/shenjin/Repository/ch/qos/logback/logback-core/1.2.3/logback-core-1.2.3.jar:/Users/shenjin/Repository/org/apache/logging/log4j/log4j-to-slf4j/2.11.2/log4j-to-slf4j-2.11.2.jar:/Users/shenjin/Repository/org/apache/logging/log4j/log4j-api/2.11.2/log4j-api-2.11.2.jar:/Users/shenjin/Repository/org/slf4j/jul-to-slf4j/1.7.25/jul-to-slf4j-1.7.25.jar:/Users/shenjin/Repository/javax/annotation/javax.annotation-api/1.3.2/javax.annotation-api-1.3.2.jar:/Users/shenjin/Repository/org/yaml/snakeyaml/1.23/snakeyaml-1.23.jar:/Users/shenjin/Repository/org/springframework/boot/spring-boot-test/2.1.3.RELEASE/spring-boot-test-2.1.3.RELEASE.jar:/Users/shenjin/Repository/org/springframework/boot/spring-boot-test-autoconfigure/2.1.3.RELEASE/spring-boot-test-autoconfigure-2.1.3.RELEASE.jar:/Users/shenjin/Repository/com/jayway/jsonpath/json-path/2.4.0/json-path-2.4.0.jar:/Users/shenjin/Repository/net/minidev/json-smart/2.3/json-smart-2.3.jar:/Users/shenjin/Repository/net/minidev/accessors-smart/1.2/accessors-smart-1.2.jar:/Users/shenjin/Repository/org/ow2/asm/asm/5.0.4/asm-5.0.4.jar:/Users/shenjin/Repository/org/assertj/assertj-core/3.11.1/assertj-core-3.11.1.jar:/Users/shenjin/Repository/org/mockito/mockito-core/2.23.4/mockito-core-2.23.4.jar:/Users/shenjin/Repository/net/bytebuddy/byte-buddy/1.9.10/byte-buddy-1.9.10.jar:/Users/shenjin/Repository/net/bytebuddy/byte-buddy-agent/1.9.10/byte-buddy-agent-1.9.10.jar:/Users/shenjin/Repository/org/objenesis/objenesis/2.6/objenesis-2.6.jar:/Users/shenjin/Repository/org/hamcrest/hamcrest-core/1.3/hamcrest-core-1.3.jar:/Users/shenjin/Repository/org/hamcrest/hamcrest-library/1.3/hamcrest-library-1.3.jar:/Users/shenjin/Repository/org/skyscreamer/jsonassert/1.5.0/jsonassert-1.5.0.jar:/Users/shenjin/Repository/com/vaadin/external/google/android-json/0.0.20131108.vaadin1/android-json-0.0.20131108.vaadin1.jar:/Users/shenjin/Repository/org/springframework/spring-core/5.1.5.RELEASE/spring-core-5.1.5.RELEASE.jar:/Users/shenjin/Repository/org/springframework/spring-jcl/5.1.5.RELEASE/spring-jcl-5.1.5.RELEASE.jar:/Users/shenjin/Repository/org/springframework/spring-test/5.1.5.RELEASE/spring-test-5.1.5.RELEASE.jar:/Users/shenjin/Repository/org/xmlunit/xmlunit-core/2.6.2/xmlunit-core-2.6.2.jar:/Users/shenjin/Repository/junit/junit/4.11/junit-4.11.jar:"/>
    <property name="sun.cpu.endian" value="little"/>
    <property name="user.home" value="/Users/shenjin"/>
    <property name="user.language" value="zh"/>
    <property name="java.specification.vendor" value="Oracle Corporation"/>
    <property name="java.home" value="/Library/Java/JavaVirtualMachines/jdk1.8.0_172.jdk/Contents/Home/jre"/>
    <property name="basedir" value="/Users/shenjin/learn_project/spring-cloud01/eureka-server"/>
    <property name="file.separator" value="/"/>
    <property name="line.separator" value="&#10;"/>
    <property name="java.vm.specification.vendor" value="Oracle Corporation"/>
    <property name="java.specification.name" value="Java Platform API Specification"/>
    <property name="java.awt.graphicsenv" value="sun.awt.CGraphicsEnvironment"/>
    <property name="surefire.real.class.path" value="/Users/shenjin/learn_project/spring-cloud01/eureka-server/target/surefire/surefirebooter3791365022938893700.jar"/>
    <property name="sun.boot.class.path" value="/Library/Java/JavaVirtualMachines/jdk1.8.0_172.jdk/Contents/Home/jre/lib/resources.jar:/Library/Java/JavaVirtualMachines/jdk1.8.0_172.jdk/Contents/Home/jre/lib/rt.jar:/Library/Java/JavaVirtualMachines/jdk1.8.0_172.jdk/Contents/Home/jre/lib/sunrsasign.jar:/Library/Java/JavaVirtualMachines/jdk1.8.0_172.jdk/Contents/Home/jre/lib/jsse.jar:/Library/Java/JavaVirtualMachines/jdk1.8.0_172.jdk/Contents/Home/jre/lib/jce.jar:/Library/Java/JavaVirtualMachines/jdk1.8.0_172.jdk/Contents/Home/jre/lib/charsets.jar:/Library/Java/JavaVirtualMachines/jdk1.8.0_172.jdk/Contents/Home/jre/lib/jfr.jar:/Library/Java/JavaVirtualMachines/jdk1.8.0_172.jdk/Contents/Home/jre/classes"/>
    <property name="sun.management.compiler" value="HotSpot 64-Bit Tiered Compilers"/>
    <property name="ftp.nonProxyHosts" value="local|*.local|169.254/16|*.169.254/16"/>
    <property name="java.runtime.version" value="1.8.0_172-b11"/>
    <property name="user.name" value="shenjin"/>
    <property name="path.separator" value=":"/>
    <property name="os.version" value="10.14.4"/>
    <property name="java.endorsed.dirs" value="/Library/Java/JavaVirtualMachines/jdk1.8.0_172.jdk/Contents/Home/jre/lib/endorsed"/>
    <property name="java.runtime.name" value="Java(TM) SE Runtime Environment"/>
    <property name="file.encoding" value="UTF-8"/>
    <property name="java.vm.name" value="Java HotSpot(TM) 64-Bit Server VM"/>
    <property name="localRepository" value="/Users/shenjin/Repository"/>
    <property name="java.vendor.url.bug" value="http://bugreport.sun.com/bugreport/"/>
    <property name="java.io.tmpdir" value="/var/folders/nv/zp2vvfn55cl2381tcdc6pfhm0000gn/T/"/>
    <property name="idea.version" value="2018.1.4"/>
    <property name="java.version" value="1.8.0_172"/>
    <property name="user.dir" value="/Users/shenjin/learn_project/spring-cloud01/eureka-server"/>
    <property name="os.arch" value="x86_64"/>
    <property name="java.vm.specification.name" value="Java Virtual Machine Specification"/>
    <property name="java.awt.printerjob" value="sun.lwawt.macosx.CPrinterJob"/>
    <property name="sun.os.patch.level" value="unknown"/>
    <property name="java.library.path" value="/Users/shenjin/Library/Java/Extensions:/Library/Java/Extensions:/Network/Library/Java/Extensions:/System/Library/Java/Extensions:/usr/lib/java:."/>
    <property name="java.vm.info" value="mixed mode"/>
    <property name="java.vendor" value="Oracle Corporation"/>
    <property name="java.vm.version" value="25.172-b11"/>
    <property name="java.ext.dirs" value="/Users/shenjin/Library/Java/Extensions:/Library/Java/JavaVirtualMachines/jdk1.8.0_172.jdk/Contents/Home/jre/lib/ext:/Library/Java/Extensions:/Network/Library/Java/Extensions:/System/Library/Java/Extensions:/usr/lib/java"/>
    <property name="sun.io.unicode.encoding" value="UnicodeBig"/>
    <property name="maven.repo.local" value="/Users/shenjin/Repository"/>
    <property name="java.class.version" value="52.0"/>
    <property name="socksNonProxyHosts" value="local|*.local|169.254/16|*.169.254/16"/>
  </properties>
  <testcase name="shouldAnswerWithTrue" classname="com.learn.AppTest" time="0.001"/>
</testsuite>